2024-04-15T18:33:23.337991-04:00 [INFO] - session audit execution successful.
2024-04-15T18:33:23.338453-04:00 [DEBUG] - Current timestamp: 2024-04-15 22:33:23.338444 UTC
2024-04-15T18:33:23.338499-04:00 [INFO] - Appending to audit trail...
2024-04-15T18:33:23.338802-04:00 [INFO] - Successfully appended to audit trail.
2024-04-15T18:36:13.827045-04:00 [INFO] - User 'John' has been created successfully.
2024-04-15T18:38:59.054119-04:00 [INFO] - User 'David' has been created successfully: 05-03-1985, 321-654-987.
2024-04-15T18:39:29.265709-04:00 [INFO] - User 'Sarah' has been created successfully: 11-29-1976, 654-987-321.
2024-04-15T18:40:06.232841-04:00 [INFO] - User 'Michael' has been created successfully: 09-15-1990, 456-789-123.
2024-04-15T18:40:18.793526-04:00 [INFO] - User 'Jennifer' has been created successfully: 03-22-1983, 987-654-321.
2024-04-15T18:40:34.700830-04:00 [INFO] - User 'Christopher' has been created successfully: 12-05-1978, 123-456-789.
2024-04-15T18:44:52.059285-04:00 [INFO] - session audit execution successful.
2024-04-15T18:44:52.059449-04:00 [DEBUG] - Current timestamp: 2024-04-15 22:44:52.059440 UTC
2024-04-15T18:44:52.059492-04:00 [INFO] - Appending to audit trail...
2024-04-15T18:44:52.059667-04:00 [INFO] - Successfully appended to audit trail.
2024-04-15T18:46:19.618948-04:00 [INFO] - Creating a new election ballot...
2024-04-15T18:47:47.635246-04:00 [INFO] - 2024-04-15 22:47:47.635227 UTC: Election created: Election { election_id: c67a58a2-f21f-4ac0-bbdd-ca9b82aa299c, name: "National Parliament Elections", is_open: true }
2024-04-15T18:47:47.635509-04:00 [INFO] - Creating new CSV file: elections.csv
2024-04-15T18:47:47.635553-04:00 [INFO] - Writing headers to CSV file: ["election_id", "name", "is_open"]
2024-04-15T18:47:47.635595-04:00 [INFO] - Writing record to CSV file: ["c67a58a2-f21f-4ac0-bbdd-ca9b82aa299c", "National Parliament Elections", "true"]
2024-04-15T18:48:05.135959-04:00 [INFO] - 2024-04-15 22:48:05.135940 UTC: Candidate added for office 'Prime Minister': Candidate { candidate_id: ee8960a9-078d-49fb-b391-50a7e34beb34, name: "James Anderson", office_id: 4f9e30cb-7e0b-4f17-bdc6-619bc1661378, political_party: "Conservative Party", election_id: c67a58a2-f21f-4ac0-bbdd-ca9b82aa299c }
2024-04-15T18:48:21.994595-04:00 [INFO] - 2024-04-15 22:48:21.994576 UTC: Candidate added for office 'Prime Minister': Candidate { candidate_id: 0cd4c597-e475-4648-b771-5074dfbbe9b7, name: "Samantha Evans", office_id: 4f9e30cb-7e0b-4f17-bdc6-619bc1661378, political_party: "Liberal Party", election_id: c67a58a2-f21f-4ac0-bbdd-ca9b82aa299c }
2024-04-15T18:48:36.215777-04:00 [INFO] - 2024-04-15 22:48:36.215757 UTC: Candidate added for office 'Prime Minister': Candidate { candidate_id: e60bab89-1ae4-4464-945d-7e4ffd9f7720, name: "Daniel Brown", office_id: 4f9e30cb-7e0b-4f17-bdc6-619bc1661378, political_party: "Green Party", election_id: c67a58a2-f21f-4ac0-bbdd-ca9b82aa299c }
2024-04-15T18:48:38.221885-04:00 [INFO] - Creating new CSV file: candidates.csv
2024-04-15T18:48:38.221994-04:00 [INFO] - Writing headers to CSV file: ["candidate_id", "name", "office_id", "political_party", "election_id"]
2024-04-15T18:48:38.222043-04:00 [INFO] - Writing record to CSV file: ["ee8960a9-078d-49fb-b391-50a7e34beb34", "James Anderson", "4f9e30cb-7e0b-4f17-bdc6-619bc1661378", "Conservative Party", "c67a58a2-f21f-4ac0-bbdd-ca9b82aa299c"]
2024-04-15T18:48:38.222090-04:00 [INFO] - Writing record to CSV file: ["0cd4c597-e475-4648-b771-5074dfbbe9b7", "Samantha Evans", "4f9e30cb-7e0b-4f17-bdc6-619bc1661378", "Liberal Party", "c67a58a2-f21f-4ac0-bbdd-ca9b82aa299c"]
2024-04-15T18:48:38.222132-04:00 [INFO] - Writing record to CSV file: ["e60bab89-1ae4-4464-945d-7e4ffd9f7720", "Daniel Brown", "4f9e30cb-7e0b-4f17-bdc6-619bc1661378", "Green Party", "c67a58a2-f21f-4ac0-bbdd-ca9b82aa299c"]
2024-04-15T18:48:38.222277-04:00 [INFO] - 2024-04-15 22:48:38.222270 UTC: Office added: Office { office_id: 4f9e30cb-7e0b-4f17-bdc6-619bc1661378, election_id: c67a58a2-f21f-4ac0-bbdd-ca9b82aa299c, office_name: "Prime Minister", election_name: "National Parliament Elections" }
2024-04-15T18:48:59.345206-04:00 [INFO] - 2024-04-15 22:48:59.345187 UTC: Candidate added for office 'Member of Parliament': Candidate { candidate_id: 23c86427-a5a4-4d51-8798-e7cc3c117071, name: "Robert Wilson", office_id: 638240bf-242f-4222-8333-5101bac23499, political_party: "Labour Party", election_id: c67a58a2-f21f-4ac0-bbdd-ca9b82aa299c }
2024-04-15T18:51:14.635525-04:00 [INFO] - 2024-04-15 22:51:14.635506 UTC: Candidate added for office 'Member of Parliament': Candidate { candidate_id: af4598b5-675b-4019-a8ac-918b8d9740b1, name: "Olivia Martinez", office_id: 638240bf-242f-4222-8333-5101bac23499, political_party: "National Party", election_id: c67a58a2-f21f-4ac0-bbdd-ca9b82aa299c }
2024-04-15T18:51:30.465243-04:00 [INFO] - 2024-04-15 22:51:30.465224 UTC: Candidate added for office 'Member of Parliament': Candidate { candidate_id: 34bd8a49-262b-4024-a3cd-bbb31f32f9c1, name: "Chloe Harris", office_id: 638240bf-242f-4222-8333-5101bac23499, political_party: "Independent", election_id: c67a58a2-f21f-4ac0-bbdd-ca9b82aa299c }
2024-04-15T18:51:37.734031-04:00 [INFO] - Appending to existing CSV file: candidates.csv
2024-04-15T18:51:37.734152-04:00 [INFO] - Writing record to CSV file: ["23c86427-a5a4-4d51-8798-e7cc3c117071", "Robert Wilson", "638240bf-242f-4222-8333-5101bac23499", "Labour Party", "c67a58a2-f21f-4ac0-bbdd-ca9b82aa299c"]
2024-04-15T18:51:37.734208-04:00 [INFO] - Writing record to CSV file: ["af4598b5-675b-4019-a8ac-918b8d9740b1", "Olivia Martinez", "638240bf-242f-4222-8333-5101bac23499", "National Party", "c67a58a2-f21f-4ac0-bbdd-ca9b82aa299c"]
2024-04-15T18:51:37.734253-04:00 [INFO] - Writing record to CSV file: ["34bd8a49-262b-4024-a3cd-bbb31f32f9c1", "Chloe Harris", "638240bf-242f-4222-8333-5101bac23499", "Independent", "c67a58a2-f21f-4ac0-bbdd-ca9b82aa299c"]
2024-04-15T18:51:37.734392-04:00 [INFO] - 2024-04-15 22:51:37.734384 UTC: Office added: Office { office_id: 638240bf-242f-4222-8333-5101bac23499, election_id: c67a58a2-f21f-4ac0-bbdd-ca9b82aa299c, office_name: "Member of Parliament", election_name: "National Parliament Elections" }
2024-04-15T18:51:50.686207-04:00 [INFO] - 2024-04-15 22:51:50.686188 UTC: Candidate added for office 'Minister of Finance': Candidate { candidate_id: 791303d8-ae90-409c-933e-0e2c07fec004, name: "Ethan Thompson", office_id: 962f0f69-1c72-47d4-b692-4066f0afa26f, political_party: "Democratic Party", election_id: c67a58a2-f21f-4ac0-bbdd-ca9b82aa299c }
2024-04-15T18:52:04.558904-04:00 [INFO] - 2024-04-15 22:52:04.558886 UTC: Candidate added for office 'Minister of Finance': Candidate { candidate_id: 580ea47a-2b02-478f-baa4-ad9cbfcbcb69, name: "Sophia Clark", office_id: 962f0f69-1c72-47d4-b692-4066f0afa26f, political_party: "Socialist Party", election_id: c67a58a2-f21f-4ac0-bbdd-ca9b82aa299c }
2024-04-15T18:52:06.363192-04:00 [INFO] - Appending to existing CSV file: candidates.csv
2024-04-15T18:52:06.363314-04:00 [INFO] - Writing record to CSV file: ["791303d8-ae90-409c-933e-0e2c07fec004", "Ethan Thompson", "962f0f69-1c72-47d4-b692-4066f0afa26f", "Democratic Party", "c67a58a2-f21f-4ac0-bbdd-ca9b82aa299c"]
2024-04-15T18:52:06.363369-04:00 [INFO] - Writing record to CSV file: ["580ea47a-2b02-478f-baa4-ad9cbfcbcb69", "Sophia Clark", "962f0f69-1c72-47d4-b692-4066f0afa26f", "Socialist Party", "c67a58a2-f21f-4ac0-bbdd-ca9b82aa299c"]
2024-04-15T18:52:06.363489-04:00 [INFO] - 2024-04-15 22:52:06.363482 UTC: Office added: Office { office_id: 962f0f69-1c72-47d4-b692-4066f0afa26f, election_id: c67a58a2-f21f-4ac0-bbdd-ca9b82aa299c, office_name: "Minister of Finance", election_name: "National Parliament Elections" }
2024-04-15T18:52:10.474354-04:00 [INFO] - Creating new CSV file: offices.csv
2024-04-15T18:52:10.474458-04:00 [INFO] - Writing headers to CSV file: ["office_id", "office_name", "election_id", "election_name"]
2024-04-15T18:52:10.474505-04:00 [INFO] - Writing record to CSV file: ["4f9e30cb-7e0b-4f17-bdc6-619bc1661378", "Prime Minister", "c67a58a2-f21f-4ac0-bbdd-ca9b82aa299c", "National Parliament Elections"]
2024-04-15T18:52:10.474552-04:00 [INFO] - Writing record to CSV file: ["638240bf-242f-4222-8333-5101bac23499", "Member of Parliament", "c67a58a2-f21f-4ac0-bbdd-ca9b82aa299c", "National Parliament Elections"]
2024-04-15T18:52:10.474612-04:00 [INFO] - Writing record to CSV file: ["962f0f69-1c72-47d4-b692-4066f0afa26f", "Minister of Finance", "c67a58a2-f21f-4ac0-bbdd-ca9b82aa299c", "National Parliament Elections"]
2024-04-15T18:52:10.474753-04:00 [INFO] - 2024-04-15 22:52:10.474745 UTC: Election ballot creation successful.
2024-04-15T18:53:09.382931-04:00 [INFO] - Starting voter registration process...
2024-04-15T18:53:27.780363-04:00 [INFO] - User input validated successfully.
2024-04-15T18:53:27.780870-04:00 [INFO] - User details confirmed. Proceeding with registration...
2024-04-15T18:53:27.781671-04:00 [INFO] - Voter successfully registered.
2024-04-15T18:53:27.781881-04:00 [INFO] - Voter Sarah successfully registered.
2024-04-15T18:53:37.870363-04:00 [INFO] - Starting voter registration process...
2024-04-15T18:53:52.347740-04:00 [INFO] - User input validated successfully.
2024-04-15T18:53:52.348286-04:00 [INFO] - User details confirmed. Proceeding with registration...
2024-04-15T18:53:52.349064-04:00 [INFO] - Voter successfully registered.
2024-04-15T18:53:52.349197-04:00 [INFO] - Voter Michael successfully registered.
2024-04-15T18:53:59.211198-04:00 [INFO] - Starting voter registration process...
2024-04-15T18:54:10.967991-04:00 [INFO] - User input validated successfully.
2024-04-15T18:54:10.968514-04:00 [INFO] - User details confirmed. Proceeding with registration...
2024-04-15T18:54:10.969285-04:00 [INFO] - Voter successfully registered.
2024-04-15T18:54:10.969410-04:00 [INFO] - Voter Jennifer successfully registered.
2024-04-15T18:55:29.937990-04:00 [INFO] - session audit execution successful.
2024-04-15T18:55:29.938408-04:00 [DEBUG] - Current timestamp: 2024-04-15 22:55:29.938399 UTC
2024-04-15T18:55:29.938453-04:00 [INFO] - Appending to audit trail...
2024-04-15T18:55:29.938686-04:00 [INFO] - Successfully appended to audit trail.
2024-04-15T18:55:35.103815-04:00 [INFO] - Starting voter registration process...
2024-04-15T18:55:53.968734-04:00 [INFO] - User input validated successfully.
2024-04-15T18:55:53.969310-04:00 [INFO] - User details confirmed. Proceeding with registration...
2024-04-15T18:55:53.970006-04:00 [INFO] - Voter successfully registered.
2024-04-15T18:55:53.970121-04:00 [INFO] - Voter Christopher (123-456-789) successfully registered.
2024-04-15T18:58:06.824358-04:00 [INFO] - User 'Emily' has been created successfully: 09-15-1985, 123-456-788.
2024-04-15T18:58:36.069687-04:00 [INFO] - User 'Benjamin' has been created successfully: 07-11-2000, 789-012-345.
2024-04-15T18:59:04.503734-04:00 [INFO] - User 'Lola' has been created successfully: 03-19-1983, 321-654-987.
2024-04-15T18:59:25.710824-04:00 [INFO] - 2024-04-15 22:59:25.710803 UTC: Closing election with ID: c67a58a2-f21f-4ac0-bbdd-ca9b82aa299c
2024-04-15T18:59:25.711324-04:00 [INFO] - 2024-04-15 22:59:25.711318 UTC: Election with ID c67a58a2-f21f-4ac0-bbdd-ca9b82aa299c closed. Details: Name: National Parliament Elections, Is_Open: false
2024-04-15T18:59:25.711551-04:00 [INFO] - 2024-04-15 22:59:25.711544 UTC: Updated election: ("c67a58a2-f21f-4ac0-bbdd-ca9b82aa299c", "National Parliament Elections", false)
2024-04-15T18:59:25.711614-04:00 [INFO] - 2024-04-15 22:59:25.711609 UTC: Election with ID c67a58a2-f21f-4ac0-bbdd-ca9b82aa299c closed successfully.
2024-04-15T18:59:38.770809-04:00 [INFO] - 2024-04-15 22:59:38.770792 UTC: Opening election with ID: c67a58a2-f21f-4ac0-bbdd-ca9b82aa299c
2024-04-15T18:59:38.771299-04:00 [INFO] - 2024-04-15 22:59:38.771292 UTC: Election with ID c67a58a2-f21f-4ac0-bbdd-ca9b82aa299c opened. Details: Name: National Parliament Elections, Is_Open: true
2024-04-15T18:59:38.771494-04:00 [INFO] - 2024-04-15 22:59:38.771488 UTC: Updated election: ("c67a58a2-f21f-4ac0-bbdd-ca9b82aa299c", "National Parliament Elections", true)
2024-04-15T18:59:38.771551-04:00 [INFO] - 2024-04-15 22:59:38.771547 UTC: Election with ID c67a58a2-f21f-4ac0-bbdd-ca9b82aa299c opened successfully.
2024-04-15T20:27:07.343624-04:00 [INFO] - Casting vote process started for user 3d4dd296-1fb0-4a12-9e29-e0fe3a7bcade in election c67a58a2-f21f-4ac0-bbdd-ca9b82aa299c
2024-04-15T20:27:07.344179-04:00 [INFO] - Vote successfully cast for user 3d4dd296-1fb0-4a12-9e29-e0fe3a7bcade in election c67a58a2-f21f-4ac0-bbdd-ca9b82aa299c, who voted for: 791303d8-ae90-409c-933e-0e2c07fec004
2024-04-15T20:27:07.345610-04:00 [INFO] - Voter status changed for user 3d4dd296-1fb0-4a12-9e29-e0fe3a7bcade at 2024-04-16 00:27:07.345598 UTC
2024-04-15T20:27:07.809859-04:00 [INFO] - Casting vote process started for user 3d4dd296-1fb0-4a12-9e29-e0fe3a7bcade in election c67a58a2-f21f-4ac0-bbdd-ca9b82aa299c
2024-04-15T20:27:07.810136-04:00 [INFO] - Vote successfully cast for user 3d4dd296-1fb0-4a12-9e29-e0fe3a7bcade in election c67a58a2-f21f-4ac0-bbdd-ca9b82aa299c, who voted for: ee8960a9-078d-49fb-b391-50a7e34beb34
2024-04-15T20:27:07.811517-04:00 [INFO] - Voter status changed for user 3d4dd296-1fb0-4a12-9e29-e0fe3a7bcade at 2024-04-16 00:27:07.811509 UTC
2024-04-15T20:27:08.451823-04:00 [INFO] - Casting vote process started for user 3d4dd296-1fb0-4a12-9e29-e0fe3a7bcade in election c67a58a2-f21f-4ac0-bbdd-ca9b82aa299c
2024-04-15T20:27:08.452125-04:00 [INFO] - Vote successfully cast for user 3d4dd296-1fb0-4a12-9e29-e0fe3a7bcade in election c67a58a2-f21f-4ac0-bbdd-ca9b82aa299c, who voted for: 23c86427-a5a4-4d51-8798-e7cc3c117071
2024-04-15T20:27:08.453556-04:00 [INFO] - Voter status changed for user 3d4dd296-1fb0-4a12-9e29-e0fe3a7bcade at 2024-04-16 00:27:08.453548 UTC
2024-04-15T20:29:03.510009-04:00 [INFO] - session audit execution successful.
2024-04-15T20:29:03.510166-04:00 [DEBUG] - Current timestamp: 2024-04-16 00:29:03.510159 UTC
2024-04-15T20:29:03.510206-04:00 [INFO] - Appending to audit trail...
2024-04-15T20:29:03.510389-04:00 [INFO] - Successfully appended to audit trail.
2024-04-15T20:29:12.743175-04:00 [INFO] - Loaded 1 elections
2024-04-15T20:29:12.743273-04:00 [DEBUG] - Elections: [Election { election_id: "c67a58a2-f21f-4ac0-bbdd-ca9b82aa299c", name: "National Parliament Elections", is_open: true }]
2024-04-15T20:29:12.743750-04:00 [INFO] - Loaded 8 candidates
2024-04-15T20:29:12.743783-04:00 [DEBUG] - Candidates: [Candidate { candidate_id: "ee8960a9-078d-49fb-b391-50a7e34beb34", name: "James Anderson", office_id: "4f9e30cb-7e0b-4f17-bdc6-619bc1661378", political_party: "Conservative Party", election_id: "c67a58a2-f21f-4ac0-bbdd-ca9b82aa299c" }, Candidate { candidate_id: "0cd4c597-e475-4648-b771-5074dfbbe9b7", name: "Samantha Evans", office_id: "4f9e30cb-7e0b-4f17-bdc6-619bc1661378", political_party: "Liberal Party", election_id: "c67a58a2-f21f-4ac0-bbdd-ca9b82aa299c" }, Candidate { candidate_id: "e60bab89-1ae4-4464-945d-7e4ffd9f7720", name: "Daniel Brown", office_id: "4f9e30cb-7e0b-4f17-bdc6-619bc1661378", political_party: "Green Party", election_id: "c67a58a2-f21f-4ac0-bbdd-ca9b82aa299c" }, Candidate { candidate_id: "23c86427-a5a4-4d51-8798-e7cc3c117071", name: "Robert Wilson", office_id: "638240bf-242f-4222-8333-5101bac23499", political_party: "Labour Party", election_id: "c67a58a2-f21f-4ac0-bbdd-ca9b82aa299c" }, Candidate { candidate_id: "af4598b5-675b-4019-a8ac-918b8d9740b1", name: "Olivia Martinez", office_id: "638240bf-242f-4222-8333-5101bac23499", political_party: "National Party", election_id: "c67a58a2-f21f-4ac0-bbdd-ca9b82aa299c" }, Candidate { candidate_id: "34bd8a49-262b-4024-a3cd-bbb31f32f9c1", name: "Chloe Harris", office_id: "638240bf-242f-4222-8333-5101bac23499", political_party: "Independent", election_id: "c67a58a2-f21f-4ac0-bbdd-ca9b82aa299c" }, Candidate { candidate_id: "791303d8-ae90-409c-933e-0e2c07fec004", name: "Ethan Thompson", office_id: "962f0f69-1c72-47d4-b692-4066f0afa26f", political_party: "Democratic Party", election_id: "c67a58a2-f21f-4ac0-bbdd-ca9b82aa299c" }, Candidate { candidate_id: "580ea47a-2b02-478f-baa4-ad9cbfcbcb69", name: "Sophia Clark", office_id: "962f0f69-1c72-47d4-b692-4066f0afa26f", political_party: "Socialist Party", election_id: "c67a58a2-f21f-4ac0-bbdd-ca9b82aa299c" }]
2024-04-15T20:29:12.744204-04:00 [INFO] - Loaded 3 offices
2024-04-15T20:29:12.744252-04:00 [DEBUG] - Offices: [Office { office_id: "4f9e30cb-7e0b-4f17-bdc6-619bc1661378", election_id: "c67a58a2-f21f-4ac0-bbdd-ca9b82aa299c", office_name: "Prime Minister", election_name: "National Parliament Elections" }, Office { office_id: "638240bf-242f-4222-8333-5101bac23499", election_id: "c67a58a2-f21f-4ac0-bbdd-ca9b82aa299c", office_name: "Member of Parliament", election_name: "National Parliament Elections" }, Office { office_id: "962f0f69-1c72-47d4-b692-4066f0afa26f", election_id: "c67a58a2-f21f-4ac0-bbdd-ca9b82aa299c", office_name: "Minister of Finance", election_name: "National Parliament Elections" }]
2024-04-15T20:29:39.257920-04:00 [INFO] - 2024-04-16 00:29:39.257903 UTC: Closing election with ID: c67a58a2-f21f-4ac0-bbdd-ca9b82aa299c
2024-04-15T20:29:39.258380-04:00 [INFO] - 2024-04-16 00:29:39.258373 UTC: Election with ID c67a58a2-f21f-4ac0-bbdd-ca9b82aa299c closed. Details: Name: National Parliament Elections, Is_Open: false
2024-04-15T20:29:39.258586-04:00 [INFO] - 2024-04-16 00:29:39.258580 UTC: Updated election: ("c67a58a2-f21f-4ac0-bbdd-ca9b82aa299c", "National Parliament Elections", false)
2024-04-15T20:29:39.258642-04:00 [INFO] - 2024-04-16 00:29:39.258637 UTC: Election with ID c67a58a2-f21f-4ac0-bbdd-ca9b82aa299c closed successfully.
2024-04-15T20:29:43.200243-04:00 [INFO] - Loaded 1 elections
2024-04-15T20:29:43.200341-04:00 [DEBUG] - Elections: [Election { election_id: "c67a58a2-f21f-4ac0-bbdd-ca9b82aa299c", name: "National Parliament Elections", is_open: false }]
2024-04-15T20:29:43.200810-04:00 [INFO] - Loaded 8 candidates
2024-04-15T20:29:43.200844-04:00 [DEBUG] - Candidates: [Candidate { candidate_id: "ee8960a9-078d-49fb-b391-50a7e34beb34", name: "James Anderson", office_id: "4f9e30cb-7e0b-4f17-bdc6-619bc1661378", political_party: "Conservative Party", election_id: "c67a58a2-f21f-4ac0-bbdd-ca9b82aa299c" }, Candidate { candidate_id: "0cd4c597-e475-4648-b771-5074dfbbe9b7", name: "Samantha Evans", office_id: "4f9e30cb-7e0b-4f17-bdc6-619bc1661378", political_party: "Liberal Party", election_id: "c67a58a2-f21f-4ac0-bbdd-ca9b82aa299c" }, Candidate { candidate_id: "e60bab89-1ae4-4464-945d-7e4ffd9f7720", name: "Daniel Brown", office_id: "4f9e30cb-7e0b-4f17-bdc6-619bc1661378", political_party: "Green Party", election_id: "c67a58a2-f21f-4ac0-bbdd-ca9b82aa299c" }, Candidate { candidate_id: "23c86427-a5a4-4d51-8798-e7cc3c117071", name: "Robert Wilson", office_id: "638240bf-242f-4222-8333-5101bac23499", political_party: "Labour Party", election_id: "c67a58a2-f21f-4ac0-bbdd-ca9b82aa299c" }, Candidate { candidate_id: "af4598b5-675b-4019-a8ac-918b8d9740b1", name: "Olivia Martinez", office_id: "638240bf-242f-4222-8333-5101bac23499", political_party: "National Party", election_id: "c67a58a2-f21f-4ac0-bbdd-ca9b82aa299c" }, Candidate { candidate_id: "34bd8a49-262b-4024-a3cd-bbb31f32f9c1", name: "Chloe Harris", office_id: "638240bf-242f-4222-8333-5101bac23499", political_party: "Independent", election_id: "c67a58a2-f21f-4ac0-bbdd-ca9b82aa299c" }, Candidate { candidate_id: "791303d8-ae90-409c-933e-0e2c07fec004", name: "Ethan Thompson", office_id: "962f0f69-1c72-47d4-b692-4066f0afa26f", political_party: "Democratic Party", election_id: "c67a58a2-f21f-4ac0-bbdd-ca9b82aa299c" }, Candidate { candidate_id: "580ea47a-2b02-478f-baa4-ad9cbfcbcb69", name: "Sophia Clark", office_id: "962f0f69-1c72-47d4-b692-4066f0afa26f", political_party: "Socialist Party", election_id: "c67a58a2-f21f-4ac0-bbdd-ca9b82aa299c" }]
2024-04-15T20:29:43.201265-04:00 [INFO] - Loaded 3 offices
2024-04-15T20:29:43.201297-04:00 [DEBUG] - Offices: [Office { office_id: "4f9e30cb-7e0b-4f17-bdc6-619bc1661378", election_id: "c67a58a2-f21f-4ac0-bbdd-ca9b82aa299c", office_name: "Prime Minister", election_name: "National Parliament Elections" }, Office { office_id: "638240bf-242f-4222-8333-5101bac23499", election_id: "c67a58a2-f21f-4ac0-bbdd-ca9b82aa299c", office_name: "Member of Parliament", election_name: "National Parliament Elections" }, Office { office_id: "962f0f69-1c72-47d4-b692-4066f0afa26f", election_id: "c67a58a2-f21f-4ac0-bbdd-ca9b82aa299c", office_name: "Minister of Finance", election_name: "National Parliament Elections" }]
2024-04-15T20:29:44.147793-04:00 [INFO] - Loaded 12 votes
2024-04-15T20:29:44.147857-04:00 [DEBUG] - Votes: [Vote { vote_id: "7d6b0c4c-f34f-4c24-9377-151c6a452977", ballot_id: "d3ba4459-2c53-4fb3-aa15-4a8d28304e03", candidate_id: "580ea47a-2b02-478f-baa4-ad9cbfcbcb69", election_id: "c67a58a2-f21f-4ac0-bbdd-ca9b82aa299c" }, Vote { vote_id: "daae5509-64b7-4646-82f0-d25bb539fce8", ballot_id: "a2c2d909-715e-4780-aa50-d929cb622af1", candidate_id: "ee8960a9-078d-49fb-b391-50a7e34beb34", election_id: "c67a58a2-f21f-4ac0-bbdd-ca9b82aa299c" }, Vote { vote_id: "3c46ba60-5852-49c4-a672-ee20d54f2342", ballot_id: "cd8dcd5c-2c75-4844-a50b-50261e4c03af", candidate_id: "34bd8a49-262b-4024-a3cd-bbb31f32f9c1", election_id: "c67a58a2-f21f-4ac0-bbdd-ca9b82aa299c" }, Vote { vote_id: "43f7197d-2e71-4ef9-9d6d-b6f33ef11951", ballot_id: "a20ad4b7-6ada-41d1-a485-8712edaff97b", candidate_id: "34bd8a49-262b-4024-a3cd-bbb31f32f9c1", election_id: "c67a58a2-f21f-4ac0-bbdd-ca9b82aa299c" }, Vote { vote_id: "6482843b-a16c-4a1a-b4fd-a6efa2cef88f", ballot_id: "c187224e-bab8-4e46-b99b-43b9127bf0b8", candidate_id: "0cd4c597-e475-4648-b771-5074dfbbe9b7", election_id: "c67a58a2-f21f-4ac0-bbdd-ca9b82aa299c" }, Vote { vote_id: "4ef7ec21-02a1-4a45-9098-f2048bb0af74", ballot_id: "b628e8b9-fff4-4a49-8915-81eabbcea5aa", candidate_id: "791303d8-ae90-409c-933e-0e2c07fec004", election_id: "c67a58a2-f21f-4ac0-bbdd-ca9b82aa299c" }, Vote { vote_id: "cb3b49d8-b90b-41e0-a804-004932afc75a", ballot_id: "8bc2d693-6c19-4d02-a76b-7f8ea2c116c9", candidate_id: "ee8960a9-078d-49fb-b391-50a7e34beb34", election_id: "c67a58a2-f21f-4ac0-bbdd-ca9b82aa299c" }, Vote { vote_id: "aa7ddbf2-3820-4fee-9fd6-1a1fed29f748", ballot_id: "e7143709-b8e9-4057-be10-fc1f4728dbb7", candidate_id: "791303d8-ae90-409c-933e-0e2c07fec004", election_id: "c67a58a2-f21f-4ac0-bbdd-ca9b82aa299c" }, Vote { vote_id: "ed48298b-5103-41ec-b228-d8143b207a7f", ballot_id: "26bf64a6-9583-4fe5-8692-ca1be86db424", candidate_id: "23c86427-a5a4-4d51-8798-e7cc3c117071", election_id: "c67a58a2-f21f-4ac0-bbdd-ca9b82aa299c" }, Vote { vote_id: "e01d9062-d2e7-43b7-a591-a3e59090c9a9", ballot_id: "c70974ac-4882-4198-abf0-aecac20a6e0b", candidate_id: "791303d8-ae90-409c-933e-0e2c07fec004", election_id: "c67a58a2-f21f-4ac0-bbdd-ca9b82aa299c" }, Vote { vote_id: "ed1507e9-ce11-4f5b-be43-ec5127449e32", ballot_id: "7e241a6b-ce0c-45df-b730-68cefd61c3ea", candidate_id: "ee8960a9-078d-49fb-b391-50a7e34beb34", election_id: "c67a58a2-f21f-4ac0-bbdd-ca9b82aa299c" }, Vote { vote_id: "ac522588-8019-4cb5-a833-213c849bc718", ballot_id: "96258940-be4a-4549-8345-c00cb7e9a9ab", candidate_id: "23c86427-a5a4-4d51-8798-e7cc3c117071", election_id: "c67a58a2-f21f-4ac0-bbdd-ca9b82aa299c" }]
